<?xml version="1.0" encoding="UTF-8"?>
<!-- Generated by org.testng.reporters.JUnitReportReporter -->
<testsuite hostname="Ketan" failures="0" tests="3" name="SeleniumProject.main.core" time="39.098" errors="0" timestamp="2024-03-17T23:43:40 IST" skipped="0">
  <testcase classname="SeleniumProject.main.core" name="FlightBooking" time="14.454"/>
  <system-out/>
  <testcase classname="SeleniumProject.main.core" name="FlightBooking" time="8.964"/>
  <system-out/>
  <testcase classname="SeleniumProject.main.core" name="FlightBooking" time="15.680"/>
  <system-out/>
</testsuite> <!-- SeleniumProject.main.core -->
