<?xml version="1.0" encoding="UTF-8"?>
<!-- Generated by org.testng.reporters.JUnitReportReporter -->
<testsuite hostname="Ketan" failures="0" tests="2" name="SeleniumProject.main.Multicity" time="29.177" errors="0" timestamp="2024-03-17T23:43:40 IST" skipped="0">
  <testcase classname="SeleniumProject.main.Multicity" name="FlightBookingMultiCity" time="13.260"/>
  <system-out/>
  <testcase classname="SeleniumProject.main.Multicity" name="FlightBookingMultiCity" time="15.917"/>
  <system-out/>
</testsuite> <!-- SeleniumProject.main.Multicity -->
