<?xml version="1.0" encoding="UTF-8"?>
<!-- Generated by org.testng.reporters.JUnitReportReporter -->
<testsuite hostname="Ketan" failures="0" tests="3" name="SeleniumProject.Test.Listeners" time="33.586" errors="0" timestamp="2024-03-08T01:04:48 IST" skipped="0">
  <testcase classname="SeleniumProject.Test.Listeners" name="FlightBooking" time="8.248"/>
  <system-out/>
  <testcase classname="SeleniumProject.Test.Listeners" name="FlightBooking" time="13.458"/>
  <system-out/>
  <testcase classname="SeleniumProject.Test.Listeners" name="FlightBooking" time="11.880"/>
  <system-out/>
</testsuite> <!-- SeleniumProject.Test.Listeners -->
