<?xml version="1.0" encoding="UTF-8"?>
<!-- Generated by org.testng.reporters.JUnitReportReporter -->
<testsuite hostname="Ketan" failures="0" tests="1" name="Framework.Tests.MainTest" time="6.004" errors="0" timestamp="2024-03-21T00:22:04 IST" skipped="0">
  <testcase classname="Framework.Tests.MainTest" name="funtionFirst" time="6.004"/>
</testsuite> <!-- Framework.Tests.MainTest -->
