<?xml version="1.0" encoding="UTF-8"?>
<!-- Generated by org.testng.reporters.JUnitReportReporter -->
<testsuite hostname="Ketan" failures="0" tests="1" name="Framework.Tests.Iframe" time="13.835" errors="0" timestamp="2024-03-21T00:22:04 IST" skipped="0">
  <testcase classname="Framework.Tests.Iframe" name="MethodThird" time="13.835"/>
</testsuite> <!-- Framework.Tests.Iframe -->
